<?xml version="1.0" encoding="UTF-8"?>
<!-- Generated by org.testng.reporters.JUnitReportReporter -->
<testsuite hostname="alibaba-103276N" name="ControlCenter.EntryDoor" tests="1" failures="0" timestamp="1 Apr 2017 16:29:08 GMT" time="5.502" errors="0">
  <testcase name="Main" time="5.502" classname="ControlCenter.EntryDoor"/>
</testsuite> <!-- ControlCenter.EntryDoor -->
